{
  "RSpec": {
    "coverage": {
      "/home/juanfdezg/2022-2-grupo-51/app/controllers/application_controller.rb": {
        "lines": [
          null,
          null,
          null,
          1,
          1,
          null
        ]
      },
      "/home/juanfdezg/2022-2-grupo-51/app/helpers/application_helper.rb": {
        "lines": [
          null,
          null,
          null,
          1,
          null
        ]
      },
      "/home/juanfdezg/2022-2-grupo-51/app/helpers/conversations_helper.rb": {
        "lines": [
          null,
          null,
          null,
          1,
          null
        ]
      },
      "/home/juanfdezg/2022-2-grupo-51/app/helpers/messages_helper.rb": {
        "lines": [
          null,
          null,
          null,
          1,
          null
        ]
      },
      "/home/juanfdezg/2022-2-grupo-51/app/helpers/reservations_helper.rb": {
        "lines": [
          null,
          null,
          null,
          1,
          null
        ]
      },
      "/home/juanfdezg/2022-2-grupo-51/app/helpers/restaurants_helper.rb": {
        "lines": [
          null,
          null,
          null,
          1,
          null
        ]
      },
      "/home/juanfdezg/2022-2-grupo-51/app/helpers/reviews_helper.rb": {
        "lines": [
          null,
          null,
          null,
          1,
          null
        ]
      },
      "/home/juanfdezg/2022-2-grupo-51/app/helpers/tables_helper.rb": {
        "lines": [
          null,
          null,
          null,
          1,
          null
        ]
      },
      "/home/juanfdezg/2022-2-grupo-51/app/helpers/users_helper.rb": {
        "lines": [
          null,
          null,
          null,
          1,
          null
        ]
      },
      "/home/juanfdezg/2022-2-grupo-51/app/helpers/welcome_helper.rb": {
        "lines": [
          null,
          null,
          null,
          1,
          null
        ]
      },
      "/home/juanfdezg/2022-2-grupo-51/app/models/admin_user.rb": {
        "lines": [
          null,
          null,
          1,
          null,
          null,
          1,
          null,
          null
        ]
      },
      "/home/juanfdezg/2022-2-grupo-51/app/models/application_record.rb": {
        "lines": [
          null,
          null,
          null,
          1,
          1,
          null
        ]
      },
      "/home/juanfdezg/2022-2-grupo-51/app/admin/admin_users.rb": {
        "lines": [
          null,
          null,
          1,
          1,
          null,
          1,
          0,
          0,
          0,
          0,
          0,
          0,
          0,
          null,
          null,
          1,
          1,
          1,
          1,
          null,
          1,
          0,
          0,
          0,
          0,
          null,
          0,
          null,
          null
        ]
      },
      "/home/juanfdezg/2022-2-grupo-51/app/admin/dashboard.rb": {
        "lines": [
          null,
          null,
          1,
          1,
          null,
          1,
          0,
          0,
          0,
          0,
          null,
          null,
          null,
          null,
          null,
          null,
          null,
          null,
          null,
          null,
          null,
          null,
          null,
          null,
          null,
          null,
          null,
          null,
          null,
          null,
          null,
          null,
          null
        ]
      },
      "/home/juanfdezg/2022-2-grupo-51/app/admin/reservations.rb": {
        "lines": [
          null,
          null,
          1,
          null,
          null,
          null,
          null,
          null,
          1,
          null,
          null,
          null,
          null,
          null,
          null,
          null,
          null,
          null
        ]
      },
      "/home/juanfdezg/2022-2-grupo-51/app/models/reservation.rb": {
        "lines": [
          null,
          null,
          null,
          1,
          1,
          null,
          1,
          1,
          1,
          null,
          1,
          1,
          null,
          1,
          1,
          null,
          null,
          1,
          1,
          null,
          null,
          1,
          1,
          1,
          null
        ]
      },
      "/home/juanfdezg/2022-2-grupo-51/app/admin/restaurants.rb": {
        "lines": [
          null,
          null,
          1,
          null,
          null,
          null,
          null,
          null,
          1,
          null,
          null,
          null,
          null,
          null,
          null,
          null,
          null,
          null
        ]
      },
      "/home/juanfdezg/2022-2-grupo-51/app/models/restaurant.rb": {
        "lines": [
          null,
          null,
          1,
          1,
          1,
          1,
          1,
          1,
          null,
          1,
          1,
          1,
          1,
          1,
          1,
          null
        ]
      },
      "/home/juanfdezg/2022-2-grupo-51/app/admin/reviews.rb": {
        "lines": [
          null,
          null,
          1,
          null,
          null,
          null,
          null,
          null,
          1,
          null,
          null,
          null,
          null,
          null,
          null,
          null,
          null,
          null
        ]
      },
      "/home/juanfdezg/2022-2-grupo-51/app/models/review.rb": {
        "lines": [
          null,
          null,
          1,
          1,
          1,
          null,
          1,
          1,
          null
        ]
      },
      "/home/juanfdezg/2022-2-grupo-51/app/admin/tables.rb": {
        "lines": [
          null,
          null,
          1,
          null,
          null,
          null,
          null,
          null,
          1,
          null,
          null,
          null,
          null,
          null,
          null,
          null,
          null,
          null
        ]
      },
      "/home/juanfdezg/2022-2-grupo-51/app/models/table.rb": {
        "lines": [
          null,
          null,
          1,
          1,
          1,
          1,
          null,
          1,
          1,
          null
        ]
      },
      "/home/juanfdezg/2022-2-grupo-51/app/admin/users.rb": {
        "lines": [
          null,
          null,
          1,
          null,
          null,
          null,
          null,
          null,
          1,
          null,
          null,
          null,
          null,
          null,
          null,
          null,
          null,
          null
        ]
      },
      "/home/juanfdezg/2022-2-grupo-51/app/models/user.rb": {
        "lines": [
          null,
          null,
          null,
          1,
          null,
          null,
          1,
          null,
          null,
          1,
          null,
          1,
          null,
          null,
          null,
          1,
          1,
          1,
          1,
          1,
          null
        ]
      },
      "/home/juanfdezg/2022-2-grupo-51/app/controllers/reservations_controller.rb": {
        "lines": [
          null,
          null,
          null,
          1,
          1,
          1,
          0,
          null,
          null,
          1,
          0,
          null,
          null,
          1,
          0,
          null,
          null,
          1,
          0,
          0,
          0,
          0,
          0,
          0,
          0,
          0,
          null,
          0,
          0,
          0,
          0,
          0,
          0,
          0,
          null,
          null,
          0,
          0,
          null,
          null,
          null,
          1,
          0,
          0,
          0,
          null,
          null,
          1,
          0,
          0,
          0,
          null,
          0,
          0,
          null,
          0,
          null,
          null,
          null,
          null,
          1,
          0,
          0,
          0,
          null,
          null,
          1,
          null,
          1,
          0,
          null,
          null
        ]
      },
      "/home/juanfdezg/2022-2-grupo-51/app/controllers/restaurants_controller.rb": {
        "lines": [
          null,
          null,
          null,
          1,
          1,
          1,
          1,
          null,
          1,
          1,
          1,
          null,
          null,
          1,
          0,
          null,
          null,
          1,
          0,
          null,
          null,
          1,
          0,
          0,
          0,
          0,
          null,
          0,
          null,
          null,
          null,
          1,
          0,
          null,
          null,
          1,
          0,
          null,
          0,
          null,
          0,
          0,
          null,
          0,
          null,
          null,
          null,
          1,
          0,
          0,
          0,
          null,
          null,
          1,
          null,
          1,
          0,
          null,
          null
        ]
      },
      "/home/juanfdezg/2022-2-grupo-51/app/controllers/tables_controller.rb": {
        "lines": [
          null,
          null,
          null,
          1,
          1,
          1,
          0,
          null,
          null,
          1,
          0,
          0,
          0,
          0,
          0,
          null,
          0,
          null,
          null,
          null,
          1,
          0,
          null,
          null,
          1,
          0,
          0,
          null,
          0,
          0,
          null,
          0,
          null,
          null,
          null,
          null,
          1,
          0,
          0,
          0,
          null,
          null,
          1,
          0,
          null,
          null,
          1,
          null,
          1,
          0,
          null,
          null
        ]
      },
      "/home/juanfdezg/2022-2-grupo-51/app/mailers/reservation_mailer.rb": {
        "lines": [
          null,
          null,
          null,
          1,
          1,
          0,
          0,
          0,
          null,
          null
        ]
      },
      "/home/juanfdezg/2022-2-grupo-51/app/mailers/application_mailer.rb": {
        "lines": [
          null,
          null,
          1,
          1,
          1,
          null
        ]
      },
      "/home/juanfdezg/2022-2-grupo-51/app/models/conversation.rb": {
        "lines": [
          null,
          null,
          1,
          null
        ]
      },
      "/home/juanfdezg/2022-2-grupo-51/app/controllers/conversations_controller.rb": {
        "lines": [
          null,
          null,
          null,
          1,
          1,
          0,
          null,
          null,
          1,
          0,
          null,
          null,
          1,
          0,
          null,
          null,
          1,
          0,
          0,
          0,
          null,
          null
        ]
      },
      "/home/juanfdezg/2022-2-grupo-51/app/channels/application_cable/channel.rb": {
        "lines": [
          null,
          null,
          0,
          0,
          0,
          0
        ],
        "branches": {
        }
      },
      "/home/juanfdezg/2022-2-grupo-51/app/channels/application_cable/connection.rb": {
        "lines": [
          null,
          null,
          0,
          0,
          0,
          0
        ],
        "branches": {
        }
      },
      "/home/juanfdezg/2022-2-grupo-51/app/jobs/application_job.rb": {
        "lines": [
          null,
          null,
          0,
          null,
          null,
          null,
          null,
          null,
          0
        ],
        "branches": {
        }
      },
      "/home/juanfdezg/2022-2-grupo-51/app/controllers/reviews_controller.rb": {
        "lines": [
          null,
          null,
          null,
          0,
          0,
          0,
          0,
          0,
          null,
          0,
          0,
          0,
          0,
          0,
          0,
          0,
          0,
          0,
          0,
          0,
          null,
          0,
          0,
          0,
          0,
          null,
          0,
          0,
          0,
          0,
          null,
          0,
          0,
          0,
          0,
          null,
          0,
          0,
          null,
          0,
          0,
          0,
          0,
          0,
          0,
          null,
          0,
          null,
          0,
          0,
          0,
          0
        ],
        "branches": {
        }
      },
      "/home/juanfdezg/2022-2-grupo-51/app/controllers/users/registrations_controller.rb": {
        "lines": [
          null,
          null,
          0,
          null,
          0,
          0,
          0,
          null,
          null,
          null,
          null,
          null,
          null,
          null,
          null,
          null,
          null,
          null,
          null,
          null,
          null,
          null,
          null,
          null,
          null,
          null,
          null,
          null,
          null,
          null,
          null,
          null,
          null,
          null,
          null,
          null,
          null,
          null,
          null,
          null,
          null,
          null,
          null,
          null,
          null,
          0,
          0,
          0,
          null,
          null,
          0,
          0,
          0,
          null,
          null,
          null,
          null,
          null,
          null,
          null,
          null,
          null,
          null,
          0,
          0
        ],
        "branches": {
        }
      },
      "/home/juanfdezg/2022-2-grupo-51/app/controllers/messages_controller.rb": {
        "lines": [
          null,
          null,
          null,
          0,
          0,
          null,
          0,
          0,
          0,
          0,
          null,
          0,
          null,
          0,
          0,
          0,
          0
        ],
        "branches": {
        }
      },
      "/home/juanfdezg/2022-2-grupo-51/app/controllers/welcome_controller.rb": {
        "lines": [
          null,
          null,
          null,
          0,
          0,
          0,
          0,
          0,
          null,
          0,
          0,
          0
        ],
        "branches": {
        }
      },
      "/home/juanfdezg/2022-2-grupo-51/app/mailers/reservation_mailer_test.rb": {
        "lines": [
          null,
          null,
          0,
          null,
          null,
          0,
          0,
          null,
          0,
          null,
          null,
          0,
          null,
          null,
          0,
          0,
          0,
          null,
          null,
          0,
          0,
          0,
          0,
          0,
          0,
          0,
          0
        ],
        "branches": {
        }
      }
    },
    "timestamp": 1668403962
  }
}
